INRIAPerson/Train/neg/00000002a.png
INRIAPerson/Train/neg/00000003a.png
INRIAPerson/Train/neg/00000004a.png
INRIAPerson/Train/neg/00000005a.png
INRIAPerson/Train/neg/00000006a.png
INRIAPerson/Train/neg/00000010a.png
INRIAPerson/Train/neg/00000011a.png
INRIAPerson/Train/neg/00000012a.png
INRIAPerson/Train/neg/00000014a.png
INRIAPerson/Train/neg/00000015a.png
INRIAPerson/Train/neg/00000030a.png
INRIAPerson/Train/neg/00000033a.png
INRIAPerson/Train/neg/00000051a.png
INRIAPerson/Train/neg/00000052a.png
INRIAPerson/Train/neg/00000053a.png
INRIAPerson/Train/neg/00000054a.png
INRIAPerson/Train/neg/00000055a.png
INRIAPerson/Train/neg/00000056a.png
INRIAPerson/Train/neg/00000057a.png
INRIAPerson/Train/neg/00000058a.png
INRIAPerson/Train/neg/00000060a.png
INRIAPerson/Train/neg/00000061a.png
INRIAPerson/Train/neg/00000062a.png
INRIAPerson/Train/neg/00000068a.png
INRIAPerson/Train/neg/00000070a.png
INRIAPerson/Train/neg/00000083a.png
INRIAPerson/Train/neg/00000089a.png
INRIAPerson/Train/neg/00000090a.png
INRIAPerson/Train/neg/00000091a.png
INRIAPerson/Train/neg/00000092a.png
INRIAPerson/Train/neg/00000093a.png
INRIAPerson/Train/neg/00000094a.png
INRIAPerson/Train/neg/00000095a.png
INRIAPerson/Train/neg/00000098a.png
INRIAPerson/Train/neg/00000099a.png
INRIAPerson/Train/neg/00000100a.png
INRIAPerson/Train/neg/00000101a.png
INRIAPerson/Train/neg/00000102a.png
INRIAPerson/Train/neg/00000103a.png
INRIAPerson/Train/neg/00000104a.png
INRIAPerson/Train/neg/00000105a.png
INRIAPerson/Train/neg/00000106a.png
INRIAPerson/Train/neg/00000107a.png
INRIAPerson/Train/neg/00000108a.png
INRIAPerson/Train/neg/00000109a.png
INRIAPerson/Train/neg/00000110a.png
INRIAPerson/Train/neg/00000111a.png
INRIAPerson/Train/neg/00000112a.png
INRIAPerson/Train/neg/00000113a.png
INRIAPerson/Train/neg/00000114a.png
INRIAPerson/Train/neg/00000115a.png
INRIAPerson/Train/neg/00000116a.png
INRIAPerson/Train/neg/00000117a.png
INRIAPerson/Train/neg/00000118a.png
INRIAPerson/Train/neg/00000119a.png
INRIAPerson/Train/neg/00000124a.png
INRIAPerson/Train/neg/00000125a.png
INRIAPerson/Train/neg/00000126a.png
INRIAPerson/Train/neg/00000127a.png
INRIAPerson/Train/neg/00000128a.png
INRIAPerson/Train/neg/00000129a.png
INRIAPerson/Train/neg/00000130a.png
INRIAPerson/Train/neg/00000131a.png
INRIAPerson/Train/neg/00000132a.png
INRIAPerson/Train/neg/00000133a.png
INRIAPerson/Train/neg/00000134a.png
INRIAPerson/Train/neg/00000135a.png
INRIAPerson/Train/neg/00000136a.png
INRIAPerson/Train/neg/00000138a.png
INRIAPerson/Train/neg/00000139a.png
INRIAPerson/Train/neg/00000140a.png
INRIAPerson/Train/neg/00000141a.png
INRIAPerson/Train/neg/00000142a.png
INRIAPerson/Train/neg/00000143a.png
INRIAPerson/Train/neg/00000144a.png
INRIAPerson/Train/neg/00000145a.png
INRIAPerson/Train/neg/00000146a.png
INRIAPerson/Train/neg/00000147a.png
INRIAPerson/Train/neg/00000148a.png
INRIAPerson/Train/neg/00000149a.png
INRIAPerson/Train/neg/00000150a.png
INRIAPerson/Train/neg/00000151a.png
INRIAPerson/Train/neg/00000152a.png
INRIAPerson/Train/neg/00000153a.png
INRIAPerson/Train/neg/00000154a.png
INRIAPerson/Train/neg/00000155a.png
INRIAPerson/Train/neg/00000157a.png
INRIAPerson/Train/neg/00000158a.png
INRIAPerson/Train/neg/00000159a.png
INRIAPerson/Train/neg/00000160a.png
INRIAPerson/Train/neg/00000162a.png
INRIAPerson/Train/neg/00000164a.png
INRIAPerson/Train/neg/00000165a.png
INRIAPerson/Train/neg/00000166a.png
INRIAPerson/Train/neg/00000167a.png
INRIAPerson/Train/neg/00000168a.png
INRIAPerson/Train/neg/00000169a.png
INRIAPerson/Train/neg/00000170a.png
INRIAPerson/Train/neg/00000172a.png
INRIAPerson/Train/neg/00000173a.png
INRIAPerson/Train/neg/00000175a.png
INRIAPerson/Train/neg/00000176a.png
INRIAPerson/Train/neg/00000177a.png
INRIAPerson/Train/neg/00000179a.png
INRIAPerson/Train/neg/00000185a.png
INRIAPerson/Train/neg/00000188a.png
INRIAPerson/Train/neg/00000189a.png
INRIAPerson/Train/neg/00000191a.png
INRIAPerson/Train/neg/00000192a.png
INRIAPerson/Train/neg/00000193a.png
INRIAPerson/Train/neg/00000195a.png
INRIAPerson/Train/neg/00000198a.png
INRIAPerson/Train/neg/00000202a.png
INRIAPerson/Train/neg/00000204a.png
INRIAPerson/Train/neg/00000206a.png
INRIAPerson/Train/neg/00000208a.png
INRIAPerson/Train/neg/00000210a.png
INRIAPerson/Train/neg/00000211a.png
INRIAPerson/Train/neg/00000212a.png
INRIAPerson/Train/neg/00000213a.png
INRIAPerson/Train/neg/00000214a.png
INRIAPerson/Train/neg/00000215a.png
INRIAPerson/Train/neg/00000217a.png
INRIAPerson/Train/neg/00000218a.png
INRIAPerson/Train/neg/00000219a.png
INRIAPerson/Train/neg/00000220a.png
INRIAPerson/Train/neg/00000221a.png
INRIAPerson/Train/neg/00000222a.png
INRIAPerson/Train/neg/00000223a.png
INRIAPerson/Train/neg/00000231a.png
INRIAPerson/Train/neg/00000232a.png
INRIAPerson/Train/neg/00000233a.png
INRIAPerson/Train/neg/00000234a.png
INRIAPerson/Train/neg/00000235a.png
INRIAPerson/Train/neg/00000236a.png
INRIAPerson/Train/neg/00000237a.png
INRIAPerson/Train/neg/00000238a.png
INRIAPerson/Train/neg/00000239a.png
INRIAPerson/Train/neg/00000240a.png
INRIAPerson/Train/neg/00000242a.png
INRIAPerson/Train/neg/00000243a.png
INRIAPerson/Train/neg/00000245a.png
INRIAPerson/Train/neg/00000251a.png
INRIAPerson/Train/neg/00000253a.png
INRIAPerson/Train/neg/00000255a.png
INRIAPerson/Train/neg/00000256a.png
INRIAPerson/Train/neg/00000257a.png
INRIAPerson/Train/neg/00000258a.png
INRIAPerson/Train/neg/00000261a.png
INRIAPerson/Train/neg/00000262a.png
INRIAPerson/Train/neg/00000263a.png
INRIAPerson/Train/neg/00000264a.png
INRIAPerson/Train/neg/00000265a.png
INRIAPerson/Train/neg/00000266a.png
INRIAPerson/Train/neg/00000267a.png
INRIAPerson/Train/neg/00000272a.png
INRIAPerson/Train/neg/00000274a.png
INRIAPerson/Train/neg/00000275a.png
INRIAPerson/Train/neg/00000276a.png
INRIAPerson/Train/neg/00000277a.png
INRIAPerson/Train/neg/00000278a.png
INRIAPerson/Train/neg/00000280a.png
INRIAPerson/Train/neg/00000281a.png
INRIAPerson/Train/neg/00000282a.png
INRIAPerson/Train/neg/00000283a.png
INRIAPerson/Train/neg/00000284a.png
INRIAPerson/Train/neg/00000285a.png
INRIAPerson/Train/neg/00000286a.png
INRIAPerson/Train/neg/00000287a.png
INRIAPerson/Train/neg/00000288a.png
INRIAPerson/Train/neg/00000289a.png
INRIAPerson/Train/neg/00000290a.png
INRIAPerson/Train/neg/00000292a.png
INRIAPerson/Train/neg/00000293a.png
INRIAPerson/Train/neg/00000295a.png
INRIAPerson/Train/neg/00000299a.png
INRIAPerson/Train/neg/00000300a.png
INRIAPerson/Train/neg/00000303a.png
INRIAPerson/Train/neg/00000305a.png
INRIAPerson/Train/neg/00000306a.png
INRIAPerson/Train/neg/00000307a.png
INRIAPerson/Train/neg/00000308a.png
INRIAPerson/Train/neg/00000309a.png
INRIAPerson/Train/neg/00000310a.png
INRIAPerson/Train/neg/00000311a.png
INRIAPerson/Train/neg/00000312a.png
INRIAPerson/Train/neg/00000313a.png
INRIAPerson/Train/neg/00000314a.png
INRIAPerson/Train/neg/00000315a.png
INRIAPerson/Train/neg/00000316a.png
INRIAPerson/Train/neg/00000317a.png
INRIAPerson/Train/neg/00000318a.png
INRIAPerson/Train/neg/00000319a.png
INRIAPerson/Train/neg/00000320a.png
INRIAPerson/Train/neg/00000321a.png
INRIAPerson/Train/neg/00000322a.png
INRIAPerson/Train/neg/00000323a.png
INRIAPerson/Train/neg/00000324a.png
INRIAPerson/Train/neg/00000325a.png
INRIAPerson/Train/neg/00000326a.png
INRIAPerson/Train/neg/00000327a.png
INRIAPerson/Train/neg/00000328a.png
INRIAPerson/Train/neg/00000329a.png
INRIAPerson/Train/neg/00000330a.png
INRIAPerson/Train/neg/00000331a.png
INRIAPerson/Train/neg/00000332a.png
INRIAPerson/Train/neg/00000333a.png
INRIAPerson/Train/neg/00000334a.png
INRIAPerson/Train/neg/00000335a.png
INRIAPerson/Train/neg/00000336a.png
INRIAPerson/Train/neg/00000338a.png
INRIAPerson/Train/neg/00000340a.png
INRIAPerson/Train/neg/00000341a.png
INRIAPerson/Train/neg/00000342a.png
INRIAPerson/Train/neg/00000343a.png
INRIAPerson/Train/neg/00000344a.png
INRIAPerson/Train/neg/00000345a.png
INRIAPerson/Train/neg/00000365a.png
INRIAPerson/Train/neg/00000369a.png
INRIAPerson/Train/neg/00000378a.png
INRIAPerson/Train/neg/00000382a.png
INRIAPerson/Train/neg/00000383a.png
INRIAPerson/Train/neg/00000400a.png
INRIAPerson/Train/neg/00000410a.png
INRIAPerson/Train/neg/00000414a.png
INRIAPerson/Train/neg/00000415a.png
INRIAPerson/Train/neg/00000416a.png
INRIAPerson/Train/neg/00000420a.png
INRIAPerson/Train/neg/00000421a.png
INRIAPerson/Train/neg/00000422a.png
INRIAPerson/Train/neg/00000423a.png
INRIAPerson/Train/neg/00000424a.png
INRIAPerson/Train/neg/00000425a.png
INRIAPerson/Train/neg/00000426a.png
INRIAPerson/Train/neg/00000427a.png
INRIAPerson/Train/neg/00000428a.png
INRIAPerson/Train/neg/00000429a.png
INRIAPerson/Train/neg/00000430a.png
INRIAPerson/Train/neg/00000431a.png
INRIAPerson/Train/neg/00000432a.png
INRIAPerson/Train/neg/00000433a.png
INRIAPerson/Train/neg/00000434a.png
INRIAPerson/Train/neg/00000435a.png
INRIAPerson/Train/neg/00000436a.png
INRIAPerson/Train/neg/00000437a.png
INRIAPerson/Train/neg/00000438a.png
INRIAPerson/Train/neg/00000439a.png
INRIAPerson/Train/neg/00000440a.png
INRIAPerson/Train/neg/00000441a.png
INRIAPerson/Train/neg/00000442a.png
INRIAPerson/Train/neg/00000443a.png
INRIAPerson/Train/neg/00000444a.png
INRIAPerson/Train/neg/00000445a.png
INRIAPerson/Train/neg/00000446a.png
INRIAPerson/Train/neg/00000447a.png
INRIAPerson/Train/neg/00000448a.png
INRIAPerson/Train/neg/00000449a.png
INRIAPerson/Train/neg/00000450a.png
INRIAPerson/Train/neg/00000451a.png
INRIAPerson/Train/neg/00000452a.png
INRIAPerson/Train/neg/00000453a.png
INRIAPerson/Train/neg/00000454a.png
INRIAPerson/Train/neg/00000455a.png
INRIAPerson/Train/neg/00000456a.png
INRIAPerson/Train/neg/00000457a.png
INRIAPerson/Train/neg/00000458a.png
INRIAPerson/Train/neg/00000459a.png
INRIAPerson/Train/neg/00000460a.png
INRIAPerson/Train/neg/00000461a.png
INRIAPerson/Train/neg/00000462a.png
INRIAPerson/Train/neg/00000463a.png
INRIAPerson/Train/neg/00000464a.png
INRIAPerson/Train/neg/00000465a.png
INRIAPerson/Train/neg/00000466a.png
INRIAPerson/Train/neg/00000467a.png
INRIAPerson/Train/neg/00000468a.png
INRIAPerson/Train/neg/00000469a.png
INRIAPerson/Train/neg/00000470a.png
INRIAPerson/Train/neg/00000471a.png
INRIAPerson/Train/neg/00000472a.png
INRIAPerson/Train/neg/00000473a.png
INRIAPerson/Train/neg/00000474a.png
INRIAPerson/Train/neg/00000475a.png
INRIAPerson/Train/neg/00000476a.png
INRIAPerson/Train/neg/00000477a.png
INRIAPerson/Train/neg/00000478a.png
INRIAPerson/Train/neg/00000479a.png
INRIAPerson/Train/neg/00000480a.png
INRIAPerson/Train/neg/00000481a.png
INRIAPerson/Train/neg/00000482a.png
INRIAPerson/Train/neg/00000483a.png
INRIAPerson/Train/neg/00000484a.png
INRIAPerson/Train/neg/00000485a.png
INRIAPerson/Train/neg/00000486a.png
INRIAPerson/Train/neg/00000487a.png
INRIAPerson/Train/neg/00000488a.png
INRIAPerson/Train/neg/00000489a.png
INRIAPerson/Train/neg/00000490a.png
INRIAPerson/Train/neg/00000491a.png
INRIAPerson/Train/neg/00000492a.png
INRIAPerson/Train/neg/00000493a.png
INRIAPerson/Train/neg/00000495a.png
INRIAPerson/Train/neg/00000497a.png
INRIAPerson/Train/neg/00000498a.png
INRIAPerson/Train/neg/00000502a.png
INRIAPerson/Train/neg/00000508a.png
INRIAPerson/Train/neg/00000509a.png
INRIAPerson/Train/neg/00000510a.png
INRIAPerson/Train/neg/00000511a.png
INRIAPerson/Train/neg/00000512a.png
INRIAPerson/Train/neg/00000513a.png
INRIAPerson/Train/neg/00000514a.png
INRIAPerson/Train/neg/00000515a.png
INRIAPerson/Train/neg/00000516a.png
INRIAPerson/Train/neg/00000517a.png
INRIAPerson/Train/neg/00000518a.png
INRIAPerson/Train/neg/00000521a.png
INRIAPerson/Train/neg/00000522a.png
INRIAPerson/Train/neg/00000523a.png
INRIAPerson/Train/neg/00000524a.png
INRIAPerson/Train/neg/00000525a.png
INRIAPerson/Train/neg/00000526a.png
INRIAPerson/Train/neg/00000527a.png
INRIAPerson/Train/neg/00000528a.png
INRIAPerson/Train/neg/00000529a.png
INRIAPerson/Train/neg/00000530a.png
INRIAPerson/Train/neg/00000531a.png
INRIAPerson/Train/neg/00000532a.png
INRIAPerson/Train/neg/00000533a.png
INRIAPerson/Train/neg/00000534a.png
INRIAPerson/Train/neg/00000535a.png
INRIAPerson/Train/neg/00000536a.png
INRIAPerson/Train/neg/00000537a.png
INRIAPerson/Train/neg/00000538a.png
INRIAPerson/Train/neg/00000539a.png
INRIAPerson/Train/neg/00000540a.png
INRIAPerson/Train/neg/00000541a.png
INRIAPerson/Train/neg/00000542a.png
INRIAPerson/Train/neg/00000543a.png
INRIAPerson/Train/neg/00000544a.png
INRIAPerson/Train/neg/00000545a.png
INRIAPerson/Train/neg/00000546a.png
INRIAPerson/Train/neg/00000550a.png
INRIAPerson/Train/neg/00000551a.png
INRIAPerson/Train/neg/00000552a.png
INRIAPerson/Train/neg/00000553a.png
INRIAPerson/Train/neg/00000554a.png
INRIAPerson/Train/neg/00000555a.png
INRIAPerson/Train/neg/00000556a.png
INRIAPerson/Train/neg/00000558a.png
INRIAPerson/Train/neg/00000560a.png
INRIAPerson/Train/neg/00000561a.png
INRIAPerson/Train/neg/00000562a.png
INRIAPerson/Train/neg/00000564a.png
INRIAPerson/Train/neg/00000580a.png
INRIAPerson/Train/neg/00000581a.png
INRIAPerson/Train/neg/00000582a.png
INRIAPerson/Train/neg/00000583a.png
INRIAPerson/Train/neg/00000584a.png
INRIAPerson/Train/neg/00000585a.png
INRIAPerson/Train/neg/00000586a.png
INRIAPerson/Train/neg/00000587a.png
INRIAPerson/Train/neg/00000588a.png
INRIAPerson/Train/neg/00000589a.png
INRIAPerson/Train/neg/00000590a.png
INRIAPerson/Train/neg/00000591a.png
INRIAPerson/Train/neg/00000592a.png
INRIAPerson/Train/neg/00000593a.png
INRIAPerson/Train/neg/00000594a.png
INRIAPerson/Train/neg/00000595a.png
INRIAPerson/Train/neg/00000596a.png
INRIAPerson/Train/neg/00000597a.png
INRIAPerson/Train/neg/00000598a.png
INRIAPerson/Train/neg/00000599a.png
INRIAPerson/Train/neg/00000600a.png
INRIAPerson/Train/neg/00000601a.png
INRIAPerson/Train/neg/00000602a.png
INRIAPerson/Train/neg/00000603a.png
INRIAPerson/Train/neg/00000604a.png
INRIAPerson/Train/neg/00000605a.png
INRIAPerson/Train/neg/00000609a.png
INRIAPerson/Train/neg/00000610a.png
INRIAPerson/Train/neg/00000611a.png
INRIAPerson/Train/neg/00000613a.png
INRIAPerson/Train/neg/00000617a.png
INRIAPerson/Train/neg/00000618a.png
INRIAPerson/Train/neg/00000622a.png
INRIAPerson/Train/neg/00000623a.png
INRIAPerson/Train/neg/00000624a.png
INRIAPerson/Train/neg/00000628a.png
INRIAPerson/Train/neg/00000632a.png
INRIAPerson/Train/neg/00000636a.png
INRIAPerson/Train/neg/00000638a.png
INRIAPerson/Train/neg/00000639a.png
INRIAPerson/Train/neg/00000640a.png
INRIAPerson/Train/neg/00000644a.png
INRIAPerson/Train/neg/00000647a.png
INRIAPerson/Train/neg/00000649a.png
INRIAPerson/Train/neg/00000650a.png
INRIAPerson/Train/neg/00000651a.png
INRIAPerson/Train/neg/00000653a.png
INRIAPerson/Train/neg/00000656a.png
INRIAPerson/Train/neg/00000658a.png
INRIAPerson/Train/neg/00000660a.png
INRIAPerson/Train/neg/00000661a.png
INRIAPerson/Train/neg/00000662a.png
INRIAPerson/Train/neg/00000663a.png
INRIAPerson/Train/neg/00000665a.png
INRIAPerson/Train/neg/00000666a.png
INRIAPerson/Train/neg/00000667a.png
INRIAPerson/Train/neg/00000668a.png
INRIAPerson/Train/neg/00000669a.png
INRIAPerson/Train/neg/00000670a.png
INRIAPerson/Train/neg/00000671a.png
INRIAPerson/Train/neg/00000672a.png
INRIAPerson/Train/neg/00000673a.png
INRIAPerson/Train/neg/00000674a.png
INRIAPerson/Train/neg/00000675a.png
INRIAPerson/Train/neg/00000676a.png
INRIAPerson/Train/neg/00000677a.png
INRIAPerson/Train/neg/00000678a.png
INRIAPerson/Train/neg/00000679a.png
INRIAPerson/Train/neg/00000680a.png
INRIAPerson/Train/neg/00000681a.png
INRIAPerson/Train/neg/00000682a.png
INRIAPerson/Train/neg/00000683a.png
INRIAPerson/Train/neg/00000685a.png
INRIAPerson/Train/neg/00000686a.png
INRIAPerson/Train/neg/00000687a.png
INRIAPerson/Train/neg/00000688a.png
INRIAPerson/Train/neg/00000689a.png
INRIAPerson/Train/neg/00000690a.png
INRIAPerson/Train/neg/00000691a.png
INRIAPerson/Train/neg/00000692a.png
INRIAPerson/Train/neg/00000693a.png
INRIAPerson/Train/neg/00000706a.png
INRIAPerson/Train/neg/00000726a.png
INRIAPerson/Train/neg/00000727a.png
INRIAPerson/Train/neg/00000729a.png
INRIAPerson/Train/neg/00000737a.png
INRIAPerson/Train/neg/00000738a.png
INRIAPerson/Train/neg/00000740a.png
INRIAPerson/Train/neg/00000741a.png
INRIAPerson/Train/neg/00000742a.png
INRIAPerson/Train/neg/00000743a.png
INRIAPerson/Train/neg/00000744a.png
INRIAPerson/Train/neg/00000747a.png
INRIAPerson/Train/neg/00000748a.png
INRIAPerson/Train/neg/00000752a.png
INRIAPerson/Train/neg/00000754a.png
INRIAPerson/Train/neg/00000755a.png
INRIAPerson/Train/neg/00000756a.png
INRIAPerson/Train/neg/00000757a.png
INRIAPerson/Train/neg/00000758a.png
INRIAPerson/Train/neg/00000759a.png
INRIAPerson/Train/neg/00000760a.png
INRIAPerson/Train/neg/00000763a.png
INRIAPerson/Train/neg/00000764a.png
INRIAPerson/Train/neg/00000765a.png
INRIAPerson/Train/neg/00000767a.png
INRIAPerson/Train/neg/00000769a.png
INRIAPerson/Train/neg/00000770a.png
INRIAPerson/Train/neg/00000771a.png
INRIAPerson/Train/neg/00000775a.png
INRIAPerson/Train/neg/00000776a.png
INRIAPerson/Train/neg/00000777a.png
INRIAPerson/Train/neg/00000778a.png
INRIAPerson/Train/neg/00000779a.png
INRIAPerson/Train/neg/00000780a.png
INRIAPerson/Train/neg/00000781a.png
INRIAPerson/Train/neg/00000782a.png
INRIAPerson/Train/neg/00000783a.png
INRIAPerson/Train/neg/00000784a.png
INRIAPerson/Train/neg/00000785a.png
INRIAPerson/Train/neg/00000786a.png
INRIAPerson/Train/neg/00000787a.png
INRIAPerson/Train/neg/00000788a.png
INRIAPerson/Train/neg/00000789a.png
INRIAPerson/Train/neg/00000790a.png
INRIAPerson/Train/neg/00000791a.png
INRIAPerson/Train/neg/00000792a.png
INRIAPerson/Train/neg/00000793a.png
INRIAPerson/Train/neg/00000794a.png
INRIAPerson/Train/neg/00000795a.png
INRIAPerson/Train/neg/00000796a.png
INRIAPerson/Train/neg/00000797a.png
INRIAPerson/Train/neg/00000798a.png
INRIAPerson/Train/neg/00000799a.png
INRIAPerson/Train/neg/00000800a.png
INRIAPerson/Train/neg/00000801a.png
INRIAPerson/Train/neg/00000802a.png
INRIAPerson/Train/neg/00000804a.png
INRIAPerson/Train/neg/00000806a.png
INRIAPerson/Train/neg/00000807a.png
INRIAPerson/Train/neg/00000808a.png
INRIAPerson/Train/neg/00000809a.png
INRIAPerson/Train/neg/00000810a.png
INRIAPerson/Train/neg/00000811a.png
INRIAPerson/Train/neg/00000812a.png
INRIAPerson/Train/neg/00000813a.png
INRIAPerson/Train/neg/00000814a.png
INRIAPerson/Train/neg/00000815a.png
INRIAPerson/Train/neg/00000816a.png
INRIAPerson/Train/neg/00000817a.png
INRIAPerson/Train/neg/00000825a.png
INRIAPerson/Train/neg/00000826a.png
INRIAPerson/Train/neg/00000827a.png
INRIAPerson/Train/neg/00000829a.png
INRIAPerson/Train/neg/00000830a.png
INRIAPerson/Train/neg/00000831a.png
INRIAPerson/Train/neg/00000832a.png
INRIAPerson/Train/neg/00000833a.png
INRIAPerson/Train/neg/00000834a.png
INRIAPerson/Train/neg/00000835a.png
INRIAPerson/Train/neg/00000836a.png
INRIAPerson/Train/neg/00000837a.png
INRIAPerson/Train/neg/00000838a.png
INRIAPerson/Train/neg/00000840a.png
INRIAPerson/Train/neg/00000841a.png
INRIAPerson/Train/neg/00000844a.png
INRIAPerson/Train/neg/00000845a.png
INRIAPerson/Train/neg/00000863a.png
INRIAPerson/Train/neg/00000864a.png
INRIAPerson/Train/neg/00000865a.png
INRIAPerson/Train/neg/00000866a.png
INRIAPerson/Train/neg/00000870a.png
INRIAPerson/Train/neg/00000871a.png
INRIAPerson/Train/neg/00000872a.png
INRIAPerson/Train/neg/00000873a.png
INRIAPerson/Train/neg/00000874a.png
INRIAPerson/Train/neg/00000875a.png
INRIAPerson/Train/neg/00000876a.png
INRIAPerson/Train/neg/00000880a.png
INRIAPerson/Train/neg/00000881a.png
INRIAPerson/Train/neg/00000882a.png
INRIAPerson/Train/neg/00000883a.png
INRIAPerson/Train/neg/00000884a.png
INRIAPerson/Train/neg/00000885a.png
INRIAPerson/Train/neg/00000886a.png
INRIAPerson/Train/neg/00000887a.png
INRIAPerson/Train/neg/00000888a.png
INRIAPerson/Train/neg/00000889a.png
INRIAPerson/Train/neg/00000890a.png
INRIAPerson/Train/neg/00000891a.png
INRIAPerson/Train/neg/00000897a.png
INRIAPerson/Train/neg/00000904a.png
INRIAPerson/Train/neg/00000907a.png
INRIAPerson/Train/neg/00000910a.png
INRIAPerson/Train/neg/00000912a.png
INRIAPerson/Train/neg/00000914a.png
INRIAPerson/Train/neg/00000918a.png
INRIAPerson/Train/neg/00000922a.png
INRIAPerson/Train/neg/00000923a.png
INRIAPerson/Train/neg/00000926a.png
INRIAPerson/Train/neg/00000927a.png
INRIAPerson/Train/neg/00000928a.png
INRIAPerson/Train/neg/00000930a.png
INRIAPerson/Train/neg/00000935a.png
INRIAPerson/Train/neg/00000936a.png
INRIAPerson/Train/neg/00000939a.png
INRIAPerson/Train/neg/00000940a.png
INRIAPerson/Train/neg/00000941a.png
INRIAPerson/Train/neg/00000942a.png
INRIAPerson/Train/neg/00000943a.png
INRIAPerson/Train/neg/00000948a.png
INRIAPerson/Train/neg/00000951a.png
INRIAPerson/Train/neg/00000952a.png
INRIAPerson/Train/neg/00000955a.png
INRIAPerson/Train/neg/00000956a.png
INRIAPerson/Train/neg/00000957a.png
INRIAPerson/Train/neg/00000958a.png
INRIAPerson/Train/neg/00000959a.png
INRIAPerson/Train/neg/00000960a.png
INRIAPerson/Train/neg/00000961a.png
INRIAPerson/Train/neg/00000962a.png
INRIAPerson/Train/neg/00000963a.png
INRIAPerson/Train/neg/00000964a.png
INRIAPerson/Train/neg/00000965a.png
INRIAPerson/Train/neg/00000966a.png
INRIAPerson/Train/neg/00000967a.png
INRIAPerson/Train/neg/00000968a.png
INRIAPerson/Train/neg/00000969a.png
INRIAPerson/Train/neg/00000970a.png
INRIAPerson/Train/neg/00000971a.png
INRIAPerson/Train/neg/00000972a.png
INRIAPerson/Train/neg/00000973a.png
INRIAPerson/Train/neg/00000974a.png
INRIAPerson/Train/neg/00000975a.png
INRIAPerson/Train/neg/00000976a.png
INRIAPerson/Train/neg/00000977a.png
INRIAPerson/Train/neg/00000978a.png
INRIAPerson/Train/neg/00000979a.png
INRIAPerson/Train/neg/00000980a.png
INRIAPerson/Train/neg/00000981a.png
INRIAPerson/Train/neg/00000982a.png
INRIAPerson/Train/neg/00000983a.png
INRIAPerson/Train/neg/00000984a.png
INRIAPerson/Train/neg/00000985a.png
INRIAPerson/Train/neg/00000986a.png
INRIAPerson/Train/neg/00000987a.png
INRIAPerson/Train/neg/00000988a.png
INRIAPerson/Train/neg/00000989a.png
INRIAPerson/Train/neg/00000990a.png
INRIAPerson/Train/neg/00000991a.png
INRIAPerson/Train/neg/00000992a.png
INRIAPerson/Train/neg/00000993a.png
INRIAPerson/Train/neg/00000994a.png
INRIAPerson/Train/neg/00000995a.png
INRIAPerson/Train/neg/00000996a.png
INRIAPerson/Train/neg/00000997a.png
INRIAPerson/Train/neg/00000998a.png
INRIAPerson/Train/neg/00000999a.png
INRIAPerson/Train/neg/00001000a.png
INRIAPerson/Train/neg/00001002a.png
INRIAPerson/Train/neg/00001003a.png
INRIAPerson/Train/neg/00001004a.png
INRIAPerson/Train/neg/00001005a.png
INRIAPerson/Train/neg/00001007a.png
INRIAPerson/Train/neg/00001008a.png
INRIAPerson/Train/neg/00001010a.png
INRIAPerson/Train/neg/00001011a.png
INRIAPerson/Train/neg/00001012a.png
INRIAPerson/Train/neg/00001013a.png
INRIAPerson/Train/neg/00001014a.png
INRIAPerson/Train/neg/00001016a.png
INRIAPerson/Train/neg/00001018a.png
INRIAPerson/Train/neg/00001019a.png
INRIAPerson/Train/neg/00001020a.png
INRIAPerson/Train/neg/00001021a.png
INRIAPerson/Train/neg/00001022a.png
INRIAPerson/Train/neg/00001024a.png
INRIAPerson/Train/neg/00001025a.png
INRIAPerson/Train/neg/00001026a.png
INRIAPerson/Train/neg/00001027a.png
INRIAPerson/Train/neg/00001028a.png
INRIAPerson/Train/neg/00001029a.png
INRIAPerson/Train/neg/00001030a.png
INRIAPerson/Train/neg/00001031a.png
INRIAPerson/Train/neg/00001032a.png
INRIAPerson/Train/neg/00001033a.png
INRIAPerson/Train/neg/00001034a.png
INRIAPerson/Train/neg/00001035a.png
INRIAPerson/Train/neg/00001036a.png
INRIAPerson/Train/neg/00001037a.png
INRIAPerson/Train/neg/00001038a.png
INRIAPerson/Train/neg/00001039a.png
INRIAPerson/Train/neg/00001040a.png
INRIAPerson/Train/neg/00001041a.png
INRIAPerson/Train/neg/00001042a.png
INRIAPerson/Train/neg/00001043a.png
INRIAPerson/Train/neg/00001044a.png
INRIAPerson/Train/neg/00001045a.png
INRIAPerson/Train/neg/00001046a.png
INRIAPerson/Train/neg/00001058a.png
INRIAPerson/Train/neg/00001059a.png
INRIAPerson/Train/neg/00001060a.png
INRIAPerson/Train/neg/00001061a.png
INRIAPerson/Train/neg/00001064a.png
INRIAPerson/Train/neg/00001065a.png
INRIAPerson/Train/neg/00001066a.png
INRIAPerson/Train/neg/00001067a.png
INRIAPerson/Train/neg/00001068a.png
INRIAPerson/Train/neg/00001069a.png
INRIAPerson/Train/neg/00001070a.png
INRIAPerson/Train/neg/00001073a.png
INRIAPerson/Train/neg/00001075a.png
INRIAPerson/Train/neg/00001076a.png
INRIAPerson/Train/neg/00001077a.png
INRIAPerson/Train/neg/00001078a.png
INRIAPerson/Train/neg/00001081a.png
INRIAPerson/Train/neg/00001082a.png
INRIAPerson/Train/neg/00001083a.png
INRIAPerson/Train/neg/00001084a.png
INRIAPerson/Train/neg/00001086a.png
INRIAPerson/Train/neg/00001089a.png
INRIAPerson/Train/neg/00001090a.png
INRIAPerson/Train/neg/00001091a.png
INRIAPerson/Train/neg/00001092a.png
INRIAPerson/Train/neg/00001094a.png
INRIAPerson/Train/neg/00001096a.png
INRIAPerson/Train/neg/00001097a.png
INRIAPerson/Train/neg/00001100a.png
INRIAPerson/Train/neg/00001104a.png
INRIAPerson/Train/neg/00001105a.png
INRIAPerson/Train/neg/00001106a.png
INRIAPerson/Train/neg/00001107a.png
INRIAPerson/Train/neg/00001108a.png
INRIAPerson/Train/neg/00001111a.png
INRIAPerson/Train/neg/00001112a.png
INRIAPerson/Train/neg/00001113a.png
INRIAPerson/Train/neg/00001114a.png
INRIAPerson/Train/neg/00001116a.png
INRIAPerson/Train/neg/00001118a.png
INRIAPerson/Train/neg/00001119a.png
INRIAPerson/Train/neg/00001120a.png
INRIAPerson/Train/neg/00001121a.png
INRIAPerson/Train/neg/00001122a.png
INRIAPerson/Train/neg/00001123a.png
INRIAPerson/Train/neg/00001124a.png
INRIAPerson/Train/neg/00001125a.png
INRIAPerson/Train/neg/00001126a.png
INRIAPerson/Train/neg/00001127a.png
INRIAPerson/Train/neg/00001129a.png
INRIAPerson/Train/neg/00001130a.png
INRIAPerson/Train/neg/00001131a.png
INRIAPerson/Train/neg/00001132a.png
INRIAPerson/Train/neg/00001133a.png
INRIAPerson/Train/neg/00001134a.png
INRIAPerson/Train/neg/00001135a.png
INRIAPerson/Train/neg/00001136a.png
INRIAPerson/Train/neg/00001140a.png
INRIAPerson/Train/neg/00001145a.png
INRIAPerson/Train/neg/01-03d.jpg
INRIAPerson/Train/neg/01-03e.jpg
INRIAPerson/Train/neg/02-03k.jpg
INRIAPerson/Train/neg/02-03n.jpg
INRIAPerson/Train/neg/bike_001.png
INRIAPerson/Train/neg/bike_002.png
INRIAPerson/Train/neg/bike_004.png
INRIAPerson/Train/neg/bike_005.png
INRIAPerson/Train/neg/bike_007.png
INRIAPerson/Train/neg/bike_008.png
INRIAPerson/Train/neg/bike_010.png
INRIAPerson/Train/neg/bike_011.png
INRIAPerson/Train/neg/bike_013.png
INRIAPerson/Train/neg/bike_014.png
INRIAPerson/Train/neg/bike_016.png
INRIAPerson/Train/neg/bike_017.png
INRIAPerson/Train/neg/bike_019.png
INRIAPerson/Train/neg/bike_020.png
INRIAPerson/Train/neg/bike_022.png
INRIAPerson/Train/neg/bike_023.png
INRIAPerson/Train/neg/bike_025.png
INRIAPerson/Train/neg/bike_026.png
INRIAPerson/Train/neg/bike_028.png
INRIAPerson/Train/neg/bike_029.png
INRIAPerson/Train/neg/D2004-01-03_17h32m06s.jpg
INRIAPerson/Train/neg/D2004-01-04_14h39m04s.jpg
INRIAPerson/Train/neg/D2004-01-05_16h14m24s.jpg
INRIAPerson/Train/neg/D2004-01-24_14h22m51s.jpg
INRIAPerson/Train/neg/D2004-02-01_11h30m08s.jpg
INRIAPerson/Train/neg/D2004-03-04_11h07m17s.jpg
INRIAPerson/Train/neg/D2004-03-12_11h29m12s.jpg
INRIAPerson/Train/neg/D2004-03-12_11h51m32s.jpg
INRIAPerson/Train/neg/D2004-03-12_13h16m00s.jpg
INRIAPerson/Train/neg/D2004-03-12_13h17m38s.jpg
INRIAPerson/Train/neg/D2004-03-12_15h13m13s.jpg
INRIAPerson/Train/neg/D2004-03-12_15h56m28s.jpg
INRIAPerson/Train/neg/D2004-04-03_20h05m31s.jpg
INRIAPerson/Train/neg/D2004-04-04_17h37m24s.jpg
INRIAPerson/Train/neg/D2004-04-11_12h38m50s.jpg
INRIAPerson/Train/neg/D2004-04-11_13h07m53s.jpg
INRIAPerson/Train/neg/D2004-04-11_13h54m43s.jpg
INRIAPerson/Train/neg/D2004-04-11_13h55m02s.jpg
INRIAPerson/Train/neg/D2004-04-11_14h02m06s.jpg
INRIAPerson/Train/neg/D2004-04-11_14h02m28s.jpg
INRIAPerson/Train/neg/D2004-04-25_09h32m56s.jpg
INRIAPerson/Train/neg/D2004-04-25_10h01m52s.jpg
INRIAPerson/Train/neg/D2004-04-25_12h04m49s.jpg
INRIAPerson/Train/neg/D2004-04-25_12h58m29s.jpg
INRIAPerson/Train/neg/D2004-04-25_14h59m59s.jpg
INRIAPerson/Train/neg/D2004-05-08_10h25m24s.jpg
INRIAPerson/Train/neg/D2004-05-09_17h41m53s.jpg
INRIAPerson/Train/neg/D2004-05-09_17h42m11s.jpg
INRIAPerson/Train/neg/D2004-05-10_17h53m13s.jpg
INRIAPerson/Train/neg/D2004-05-10_17h57m22s.jpg
INRIAPerson/Train/neg/D2004-05-10_18h06m03s.jpg
INRIAPerson/Train/neg/D2004-05-10_18h08m37s.jpg
INRIAPerson/Train/neg/D2004-05-11_18h31m47s.jpg
INRIAPerson/Train/neg/D2004-05-11_18h32m12s.jpg
INRIAPerson/Train/neg/D2004-05-11_21h29m40s.jpg
INRIAPerson/Train/neg/D2004-05-11_21h31m05s.jpg
INRIAPerson/Train/neg/D2004-05-12_17h53m15s.jpg
INRIAPerson/Train/neg/D2004-05-12_18h05m19s.jpg
INRIAPerson/Train/neg/D2004-05-12_18h08m02s.jpg
INRIAPerson/Train/neg/D2004-05-13_12h48m47s.jpg
INRIAPerson/Train/neg/D2004-05-14_13h27m27s.jpg
INRIAPerson/Train/neg/D2004-05-14_13h41m53s.jpg
INRIAPerson/Train/neg/D2004-05-14_19h40m06s.jpg
INRIAPerson/Train/neg/D2004-05-14_19h42m17s.jpg
INRIAPerson/Train/neg/D2004-05-14_19h47m01s.jpg
INRIAPerson/Train/neg/D2004-05-14_19h58m12s.jpg
INRIAPerson/Train/neg/D2004-05-16_10h47m08s.jpg
INRIAPerson/Train/neg/D2004-05-16_11h22m08s.jpg
INRIAPerson/Train/neg/D2004-05-16_11h25m45s.jpg
INRIAPerson/Train/neg/D2004-05-16_11h37m38s.jpg
INRIAPerson/Train/neg/D2004-05-16_11h42m22s.jpg
INRIAPerson/Train/neg/D2004-05-16_11h42m50s.jpg
INRIAPerson/Train/neg/D2004-05-16_12h04m57s.jpg
INRIAPerson/Train/neg/D2004-05-16_13h54m07s.jpg
INRIAPerson/Train/neg/D2004-05-16_15h46m22s.jpg
INRIAPerson/Train/neg/D2004-05-16_15h46m33s.jpg
INRIAPerson/Train/neg/D2004-05-16_17h41m05s.jpg
INRIAPerson/Train/neg/D2004-05-16_17h41m19s.jpg
INRIAPerson/Train/neg/D2004-05-16_19h15m03s.jpg
INRIAPerson/Train/neg/D2004-05-16_19h26m47s.jpg
INRIAPerson/Train/neg/D2004-05-30_11h48m04s.jpg
INRIAPerson/Train/neg/D2004-05-30_11h52m23s.jpg
INRIAPerson/Train/neg/D2004-05-30_13h48m05s.jpg
INRIAPerson/Train/neg/D2004-05-30_14h01m50s.jpg
INRIAPerson/Train/neg/D2004-06-27_23h34m47s.jpg
INRIAPerson/Train/neg/D2004-06-27_23h59m04s.jpg
INRIAPerson/Train/neg/D2004-07-01_22h18m51s.jpg
INRIAPerson/Train/neg/D2004-07-02_17h25m36s.jpg
INRIAPerson/Train/neg/D2004-07-06_09h19m08s.jpg
INRIAPerson/Train/neg/D2004-07-06_09h21m31s.jpg
INRIAPerson/Train/neg/D2004-07-06_11h06m01s.jpg
INRIAPerson/Train/neg/D2004-07-06_11h10m12s.jpg
INRIAPerson/Train/neg/D2004-07-06_11h35m36s.jpg
INRIAPerson/Train/neg/D2004-07-06_11h44m17s.jpg
INRIAPerson/Train/neg/D2004-07-06_12h00m15s.jpg
INRIAPerson/Train/neg/D2004-07-06_12h29m08s.jpg
INRIAPerson/Train/neg/D2004-07-06_13h59m29s.jpg
INRIAPerson/Train/neg/D2004-07-06_13h59m34s.jpg
INRIAPerson/Train/neg/D2004-07-06_14h00m12s.jpg
INRIAPerson/Train/neg/D2004-07-06_14h00m17s.jpg
INRIAPerson/Train/neg/D2004-07-06_14h44m23s.jpg
INRIAPerson/Train/neg/D2004-07-06_14h56m34s.jpg
INRIAPerson/Train/neg/D2004-07-06_16h07m23s.jpg
INRIAPerson/Train/neg/D2004-07-07_04h31m20s.jpg
INRIAPerson/Train/neg/D2004-07-07_04h33m07s.jpg
INRIAPerson/Train/neg/D2004-07-07_04h34m40s.jpg
INRIAPerson/Train/neg/D2004-07-07_07h42m51s.jpg
INRIAPerson/Train/neg/D2004-07-07_07h46m24s.jpg
INRIAPerson/Train/neg/D2004-07-08_05h00m05s.jpg
INRIAPerson/Train/neg/D2004-07-08_05h00m10s.jpg
INRIAPerson/Train/neg/D2004-07-08_21h56m54s.jpg
INRIAPerson/Train/neg/D2004-07-08_23h18m42s.jpg
INRIAPerson/Train/neg/D2004-07-08_23h20m50s.jpg
INRIAPerson/Train/neg/D2004-07-08_23h26m17s.jpg
INRIAPerson/Train/neg/D2004-07-08_23h28m25s.jpg
INRIAPerson/Train/neg/D2004-07-08_23h50m15s.jpg
INRIAPerson/Train/neg/D2004-07-09_00h06m48s.jpg
INRIAPerson/Train/neg/D2004-07-09_01h03m49s.jpg
INRIAPerson/Train/neg/D2004-07-09_02h18m08s.jpg
INRIAPerson/Train/neg/D2004-07-09_17h00m32s.jpg
INRIAPerson/Train/neg/D2004-07-09_18h10m37s.jpg
INRIAPerson/Train/neg/D2004-07-09_18h10m54s.jpg
INRIAPerson/Train/neg/D2004-07-09_18h11m34s.jpg
INRIAPerson/Train/neg/D2004-07-09_18h11m50s.jpg
INRIAPerson/Train/neg/D2004-07-09_18h23m00s.jpg
INRIAPerson/Train/neg/D2004-07-09_19h00m50s.jpg
INRIAPerson/Train/neg/D2004-07-09_19h56m26s.jpg
INRIAPerson/Train/neg/D2004-07-09_19h57m01s.jpg
INRIAPerson/Train/neg/D2004-07-09_20h08m46s.jpg
INRIAPerson/Train/neg/D2004-07-09_21h21m13s.jpg
INRIAPerson/Train/neg/D2004-07-09_21h34m13s.jpg
INRIAPerson/Train/neg/D2004-07-09_21h44m39s.jpg
INRIAPerson/Train/neg/D2004-07-09_21h53m07s.jpg
INRIAPerson/Train/neg/D2004-07-09_21h53m41s.jpg
INRIAPerson/Train/neg/D2004-07-09_22h29m12s.jpg
INRIAPerson/Train/neg/D2004-07-09_22h29m50s.jpg
INRIAPerson/Train/neg/D2004-07-09_23h29m00s.jpg
INRIAPerson/Train/neg/D2004-07-10_02h52m28s.jpg
INRIAPerson/Train/neg/D2004-07-10_02h54m26s.jpg
INRIAPerson/Train/neg/D2004-07-18_13h06m19s.jpg
INRIAPerson/Train/neg/D2004-07-18_13h22m37s.jpg
INRIAPerson/Train/neg/D2004-07-18_13h23m25s.jpg
INRIAPerson/Train/neg/D2004-07-20_20h14m17s.jpg
INRIAPerson/Train/neg/D2004-07-25_10h02m26s.jpg
INRIAPerson/Train/neg/D2004-07-25_11h53m48s.jpg
INRIAPerson/Train/neg/D2004-07-25_12h26m36s.jpg
INRIAPerson/Train/neg/D2004-07-25_13h39m05s.jpg
INRIAPerson/Train/neg/D2004-07-25_15h45m52s.jpg
INRIAPerson/Train/neg/D2004-08-07_14h46m02s.jpg
INRIAPerson/Train/neg/D2004-08-07_14h53m51s.jpg
INRIAPerson/Train/neg/D2004-08-16_13h54m59s.jpg
INRIAPerson/Train/neg/D2004-08-16_14h19m59s.jpg
INRIAPerson/Train/neg/D2004-08-16_14h34m38s.jpg
INRIAPerson/Train/neg/D2004-08-16_17h46m29s.jpg
INRIAPerson/Train/neg/D2004-08-16_17h49m14s.jpg
INRIAPerson/Train/neg/D2004-08-16_18h09m58s.jpg
INRIAPerson/Train/neg/D2004-08-17_08h35m38s.jpg
INRIAPerson/Train/neg/D2004-08-17_08h35m58s.jpg
INRIAPerson/Train/neg/D2004-08-17_09h57m34s.jpg
INRIAPerson/Train/neg/D2004-08-17_10h13m23s.jpg
INRIAPerson/Train/neg/D2004-08-17_13h10m30s.jpg
INRIAPerson/Train/neg/D2004-08-17_13h14m50s.jpg
INRIAPerson/Train/neg/D2004-08-17_13h40m17s.jpg
INRIAPerson/Train/neg/D2004-08-17_14h13m26s.jpg
INRIAPerson/Train/neg/D2004-08-17_14h31m13s.jpg
INRIAPerson/Train/neg/D2004-08-17_15h43m24s.jpg
INRIAPerson/Train/neg/D2004-08-17_16h18m24s.jpg
INRIAPerson/Train/neg/D2004-08-18_10h04m01s.jpg
INRIAPerson/Train/neg/D2004-08-18_13h34m13s.jpg
INRIAPerson/Train/neg/D2004-08-18_14h30m50s.jpg
INRIAPerson/Train/neg/D2004-08-18_17h59m24s.jpg
INRIAPerson/Train/neg/D2004-08-18_17h59m38s.jpg
INRIAPerson/Train/neg/D2004-08-18_17h59m57s.jpg
INRIAPerson/Train/neg/D2004-08-18_18h43m09s.jpg
INRIAPerson/Train/neg/D2004-08-18_19h08m30s.jpg
INRIAPerson/Train/neg/D2004-08-18_19h14m36s.jpg
INRIAPerson/Train/neg/D2004-08-19_13h18m18s.jpg
INRIAPerson/Train/neg/D2004-08-19_13h21m54s.jpg
INRIAPerson/Train/neg/D2004-08-19_13h22m37s.jpg
INRIAPerson/Train/neg/D2004-08-19_13h22m44s.jpg
INRIAPerson/Train/neg/D2004-08-19_13h28m27s.jpg
INRIAPerson/Train/neg/D2004-08-19_13h28m50s.jpg
INRIAPerson/Train/neg/D2004-08-19_15h24m27s.jpg
INRIAPerson/Train/neg/D2004-08-19_15h25m10s.jpg
INRIAPerson/Train/neg/D2004-08-19_15h31m22s.jpg
INRIAPerson/Train/neg/D2004-08-19_15h56m44s.jpg
INRIAPerson/Train/neg/D2004-08-19_16h49m11s.jpg
INRIAPerson/Train/neg/D2004-08-19_16h55m28s.jpg
INRIAPerson/Train/neg/D2004-08-19_18h19m17s.jpg
INRIAPerson/Train/neg/D2004-08-19_19h09m04s.jpg
INRIAPerson/Train/neg/D2004-08-20_11h24m38s.jpg
INRIAPerson/Train/neg/D2004-08-20_11h30m04s.jpg
INRIAPerson/Train/neg/D2004-08-20_11h58m24s.jpg
INRIAPerson/Train/neg/D2004-08-20_11h58m43s.jpg
INRIAPerson/Train/neg/D2004-08-20_12h36m36s.jpg
INRIAPerson/Train/neg/D2004-08-20_12h36m57s.jpg
INRIAPerson/Train/neg/D2004-08-20_21h00m18s.jpg
INRIAPerson/Train/neg/D2004-08-20_21h00m55s.jpg
INRIAPerson/Train/neg/D2004-08-21_10h41m51s.jpg
INRIAPerson/Train/neg/D2004-08-21_10h43m25s.jpg
INRIAPerson/Train/neg/D2004-08-21_10h51m45s.jpg
INRIAPerson/Train/neg/D2004-08-21_10h53m21s.jpg
INRIAPerson/Train/neg/D2004-08-21_11h22m49s.jpg
INRIAPerson/Train/neg/D2004-08-21_11h23m02s.jpg
INRIAPerson/Train/neg/D2004-08-21_14h18m41s.jpg
INRIAPerson/Train/neg/D2004-08-21_14h39m50s.jpg
INRIAPerson/Train/neg/D2004-08-22_09h41m01s.jpg
INRIAPerson/Train/neg/D2004-08-22_09h41m26s.jpg
INRIAPerson/Train/neg/D2004-08-22_09h46m36s.jpg
INRIAPerson/Train/neg/D2004-08-22_09h47m16s.jpg
INRIAPerson/Train/neg/D2004-08-22_09h52m31s.jpg
INRIAPerson/Train/neg/D2004-08-22_11h50m44s.jpg
INRIAPerson/Train/neg/D2004-08-22_12h09m34s.jpg
INRIAPerson/Train/neg/D2004-08-22_12h10m14s.jpg
INRIAPerson/Train/neg/D2004-08-22_12h14m40s.jpg
INRIAPerson/Train/neg/D2004-08-22_12h15m40s.jpg
INRIAPerson/Train/neg/D2004-08-22_12h19m04s.jpg
INRIAPerson/Train/neg/D2004-08-22_12h19m31s.jpg
INRIAPerson/Train/neg/D2004-08-22_12h50m08s.jpg
INRIAPerson/Train/neg/D2004-08-22_14h04m12s.jpg
INRIAPerson/Train/neg/D2004-08-22_16h38m42s.jpg
INRIAPerson/Train/neg/D2004-08-22_16h40m14s.jpg
INRIAPerson/Train/neg/D2004-08-22_17h07m29s.jpg
INRIAPerson/Train/neg/D2004-08-22_17h08m36s.jpg
INRIAPerson/Train/neg/D2004-08-22_18h39m09s.jpg
INRIAPerson/Train/neg/D2004-08-22_18h39m57s.jpg
INRIAPerson/Train/neg/D2004-08-22_20h01m20s.jpg
INRIAPerson/Train/neg/D2004-08-22_20h02m50s.jpg
INRIAPerson/Train/neg/D2004-08-23_12h31m53s.jpg
INRIAPerson/Train/neg/D2004-08-23_12h32m54s.jpg
INRIAPerson/Train/neg/D2004-08-23_12h34m56s.jpg
INRIAPerson/Train/neg/D2004-08-23_12h35m11s.jpg
INRIAPerson/Train/neg/D2004-08-23_12h39m05s.jpg
INRIAPerson/Train/neg/D2004-08-23_12h40m04s.jpg
INRIAPerson/Train/neg/D2004-08-23_14h29m12s.jpg
INRIAPerson/Train/neg/D2004-08-23_15h30m29s.jpg
INRIAPerson/Train/neg/D2004-08-24_12h24m26s.jpg
INRIAPerson/Train/neg/D2004-08-24_12h39m53s.jpg
INRIAPerson/Train/neg/D2004-08-24_13h07m40s.jpg
INRIAPerson/Train/neg/D2004-08-24_13h17m42s.jpg
INRIAPerson/Train/neg/D2004-08-24_14h20m20s.jpg
INRIAPerson/Train/neg/D2004-08-24_15h04m25s.jpg
INRIAPerson/Train/neg/D2004-08-24_16h31m34s.jpg
INRIAPerson/Train/neg/D2004-08-24_16h49m15s.jpg
INRIAPerson/Train/neg/D2004-08-24_19h08m30s.jpg
INRIAPerson/Train/neg/D2004-08-24_19h56m13s.jpg
INRIAPerson/Train/neg/D2004-08-24_19h56m59s.jpg
INRIAPerson/Train/neg/D2004-08-24_19h57m17s.jpg
INRIAPerson/Train/neg/D2004-08-24_21h00m21s.jpg
INRIAPerson/Train/neg/D2004-08-24_21h23m22s.jpg
INRIAPerson/Train/neg/D2004-08-25_00h06m17s.jpg
INRIAPerson/Train/neg/D2004-08-25_13h05m49s.jpg
INRIAPerson/Train/neg/D2004-08-25_14h16m59s.jpg
INRIAPerson/Train/neg/D2004-08-25_14h20m46s.jpg
INRIAPerson/Train/neg/D2004-08-25_14h52m06s.jpg
INRIAPerson/Train/neg/D2004-08-25_15h08m49s.jpg
INRIAPerson/Train/neg/D2004-09-04_15h09m49s.jpg
INRIAPerson/Train/neg/D2004-09-04_15h11m57s.jpg
INRIAPerson/Train/neg/D2004-09-04_15h16m32s.jpg
INRIAPerson/Train/neg/D2004-09-05_16h45m39s.jpg
INRIAPerson/Train/neg/D2004-09-15_06h41m41s.jpg
INRIAPerson/Train/neg/D2004-09-18_12h33m55s.jpg
INRIAPerson/Train/neg/D2004-09-18_15h14m07s.jpg
INRIAPerson/Train/neg/D2004-09-18_15h27m51s.jpg
INRIAPerson/Train/neg/D2004-09-18_15h42m50s.jpg
INRIAPerson/Train/neg/D2004-09-18_15h55m36s.jpg
INRIAPerson/Train/neg/D2004-09-18_15h57m21s.jpg
INRIAPerson/Train/neg/D2004-09-18_16h15m23s.jpg
INRIAPerson/Train/neg/D2004-09-18_16h22m14s.jpg
INRIAPerson/Train/neg/D2004-09-18_16h47m07s.jpg
INRIAPerson/Train/neg/D2004-09-18_16h58m32s.jpg
INRIAPerson/Train/neg/D2004-09-18_17h13m53s.jpg
INRIAPerson/Train/neg/D2004-09-18_17h33m03s.jpg
INRIAPerson/Train/neg/D2004-09-19_10h17m19s.jpg
INRIAPerson/Train/neg/D2004-09-19_11h08m13s.jpg
INRIAPerson/Train/neg/D2004-09-19_11h15m51s.jpg
INRIAPerson/Train/neg/D2004-09-19_12h12m54s.jpg
INRIAPerson/Train/neg/D2004-09-19_13h55m08s.jpg
INRIAPerson/Train/neg/D2004-09-19_15h07m01s.jpg
INRIAPerson/Train/neg/D2004-09-19_16h05m12s.jpg
INRIAPerson/Train/neg/D2004-09-24_14h35m44s.jpg
INRIAPerson/Train/neg/D2004-09-24_14h37m12s.jpg
INRIAPerson/Train/neg/D2004-09-24_14h38m01s.jpg
INRIAPerson/Train/neg/D2004-09-24_14h41m24s.jpg
INRIAPerson/Train/neg/D2004-09-24_14h44m05s.jpg
INRIAPerson/Train/neg/D2004-09-24_14h45m01s.jpg
INRIAPerson/Train/neg/D2004-09-24_14h48m25s.jpg
INRIAPerson/Train/neg/D2004-09-24_14h49m30s.jpg
INRIAPerson/Train/neg/D2004-10-02_10h29m37s.jpg
INRIAPerson/Train/neg/D2004-10-02_10h51m54s.jpg
INRIAPerson/Train/neg/D2004-10-02_11h04m57s.jpg
INRIAPerson/Train/neg/D2004-10-02_13h13m55s.jpg
INRIAPerson/Train/neg/D2004-11-07_18h38m44s.jpg
INRIAPerson/Train/neg/D2004-11-07_18h40m28s.jpg
INRIAPerson/Train/neg/D2004-11-07_19h24m38s.jpg
INRIAPerson/Train/neg/D2004-11-07_19h25m26s.jpg
INRIAPerson/Train/neg/D2004-11-09_10h30m45s.jpg
INRIAPerson/Train/neg/D2004-11-09_10h43m43s.jpg
INRIAPerson/Train/neg/D2004-11-09_11h21m04s.jpg
INRIAPerson/Train/neg/D2004-11-09_11h23m37s.jpg
INRIAPerson/Train/neg/D2004-11-09_11h49m23s.jpg
INRIAPerson/Train/neg/D2004-11-17_14h42m23s.jpg
INRIAPerson/Train/neg/D2004-11-17_22h19m48s.jpg
INRIAPerson/Train/neg/D2004-11-17_22h21m26s.jpg
INRIAPerson/Train/neg/D2004-11-18_12h18m42s.jpg
INRIAPerson/Train/neg/D2004-11-18_13h00m57s.jpg
INRIAPerson/Train/neg/D2004-11-18_13h35m34s.jpg
INRIAPerson/Train/neg/D2004-11-18_18h11m34s.jpg
INRIAPerson/Train/neg/dsc00002.jpg
INRIAPerson/Train/neg/dsc00006.jpg
INRIAPerson/Train/neg/dsc00029.jpg
INRIAPerson/Train/neg/dsc00178.jpg
INRIAPerson/Train/neg/dsc00180.jpg
INRIAPerson/Train/neg/dsc00181.jpg
INRIAPerson/Train/neg/dsc00185.jpg
INRIAPerson/Train/neg/dsc00186.jpg
INRIAPerson/Train/neg/dsc00200.jpg
INRIAPerson/Train/neg/dsc00202.jpg
INRIAPerson/Train/neg/dsc00213.jpg
INRIAPerson/Train/neg/dsc00225.jpg
INRIAPerson/Train/neg/dsc00240.jpg
INRIAPerson/Train/neg/dsc00677.jpg
INRIAPerson/Train/neg/no_person__no_bike_001.png
INRIAPerson/Train/neg/no_person__no_bike_002.png
INRIAPerson/Train/neg/no_person__no_bike_004.png
INRIAPerson/Train/neg/no_person__no_bike_005.png
INRIAPerson/Train/neg/no_person__no_bike_007.png
INRIAPerson/Train/neg/no_person__no_bike_008.png
INRIAPerson/Train/neg/no_person__no_bike_010.png
INRIAPerson/Train/neg/no_person__no_bike_011.png
INRIAPerson/Train/neg/no_person__no_bike_013.png
INRIAPerson/Train/neg/no_person__no_bike_014.png
INRIAPerson/Train/neg/no_person__no_bike_016.png
INRIAPerson/Train/neg/no_person__no_bike_017.png
INRIAPerson/Train/neg/no_person__no_bike_019.png
INRIAPerson/Train/neg/no_person__no_bike_020.png
INRIAPerson/Train/neg/no_person__no_bike_022.png
INRIAPerson/Train/neg/no_person__no_bike_023.png
INRIAPerson/Train/neg/no_person__no_bike_025.png
INRIAPerson/Train/neg/no_person__no_bike_026.png
INRIAPerson/Train/neg/no_person__no_bike_028.png
INRIAPerson/Train/neg/no_person__no_bike_029.png
INRIAPerson/Train/neg/no_person__no_bike_031.png
INRIAPerson/Train/neg/no_person__no_bike_032.png
INRIAPerson/Train/neg/no_person__no_bike_034.png
INRIAPerson/Train/neg/no_person__no_bike_035.png
INRIAPerson/Train/neg/no_person__no_bike_037.png
INRIAPerson/Train/neg/no_person__no_bike_038.png
INRIAPerson/Train/neg/no_person__no_bike_040.png
INRIAPerson/Train/neg/no_person__no_bike_041.png
INRIAPerson/Train/neg/no_person__no_bike_043.png
INRIAPerson/Train/neg/no_person__no_bike_044.png
INRIAPerson/Train/neg/no_person__no_bike_046.png
INRIAPerson/Train/neg/no_person__no_bike_047.png
INRIAPerson/Train/neg/no_person__no_bike_049.png
INRIAPerson/Train/neg/no_person__no_bike_050.png
INRIAPerson/Train/neg/no_person__no_bike_052.png
INRIAPerson/Train/neg/no_person__no_bike_053.png
INRIAPerson/Train/neg/no_person__no_bike_055.png
INRIAPerson/Train/neg/no_person__no_bike_056.png
INRIAPerson/Train/neg/no_person__no_bike_058.png
INRIAPerson/Train/neg/no_person__no_bike_059.png
INRIAPerson/Train/neg/no_person__no_bike_061.png
INRIAPerson/Train/neg/no_person__no_bike_062.png
INRIAPerson/Train/neg/no_person__no_bike_064.png
INRIAPerson/Train/neg/no_person__no_bike_065.png
INRIAPerson/Train/neg/no_person__no_bike_067.png
INRIAPerson/Train/neg/no_person__no_bike_068.png
INRIAPerson/Train/neg/no_person__no_bike_070.png
INRIAPerson/Train/neg/no_person__no_bike_071.png
INRIAPerson/Train/neg/no_person__no_bike_073.png
INRIAPerson/Train/neg/no_person__no_bike_074.png
INRIAPerson/Train/neg/no_person__no_bike_076.png
INRIAPerson/Train/neg/no_person__no_bike_077.png
INRIAPerson/Train/neg/no_person__no_bike_079.png
INRIAPerson/Train/neg/no_person__no_bike_080.png
INRIAPerson/Train/neg/no_person__no_bike_082.png
INRIAPerson/Train/neg/no_person__no_bike_083.png
INRIAPerson/Train/neg/no_person__no_bike_085.png
INRIAPerson/Train/neg/no_person__no_bike_086.png
INRIAPerson/Train/neg/no_person__no_bike_088.png
INRIAPerson/Train/neg/no_person__no_bike_089.png
INRIAPerson/Train/neg/no_person__no_bike_091.png
INRIAPerson/Train/neg/no_person__no_bike_092.png
INRIAPerson/Train/neg/no_person__no_bike_094.png
INRIAPerson/Train/neg/no_person__no_bike_095.png
INRIAPerson/Train/neg/no_person__no_bike_097.png
INRIAPerson/Train/neg/no_person__no_bike_098.png
INRIAPerson/Train/neg/no_person__no_bike_100.png
INRIAPerson/Train/neg/no_person__no_bike_101.png
INRIAPerson/Train/neg/no_person__no_bike_103.png
INRIAPerson/Train/neg/no_person__no_bike_104.png
INRIAPerson/Train/neg/no_person__no_bike_106.png
INRIAPerson/Train/neg/no_person__no_bike_107.png
INRIAPerson/Train/neg/no_person__no_bike_109.png
INRIAPerson/Train/neg/no_person__no_bike_110.png
INRIAPerson/Train/neg/no_person__no_bike_112.png
INRIAPerson/Train/neg/no_person__no_bike_113.png
INRIAPerson/Train/neg/no_person__no_bike_115.png
INRIAPerson/Train/neg/no_person__no_bike_116.png
INRIAPerson/Train/neg/no_person__no_bike_118.png
INRIAPerson/Train/neg/no_person__no_bike_119.png
INRIAPerson/Train/neg/no_person__no_bike_121.png
INRIAPerson/Train/neg/no_person__no_bike_122.png
INRIAPerson/Train/neg/no_person__no_bike_124.png
INRIAPerson/Train/neg/no_person__no_bike_125.png
INRIAPerson/Train/neg/no_person__no_bike_127.png
INRIAPerson/Train/neg/no_person__no_bike_128.png
INRIAPerson/Train/neg/no_person__no_bike_130.png
INRIAPerson/Train/neg/no_person__no_bike_131.png
INRIAPerson/Train/neg/no_person__no_bike_133.png
INRIAPerson/Train/neg/no_person__no_bike_134.png
INRIAPerson/Train/neg/no_person__no_bike_136.png
INRIAPerson/Train/neg/no_person__no_bike_137.png
INRIAPerson/Train/neg/no_person__no_bike_139.png
INRIAPerson/Train/neg/no_person__no_bike_140.png
INRIAPerson/Train/neg/no_person__no_bike_142.png
INRIAPerson/Train/neg/no_person__no_bike_143.png
INRIAPerson/Train/neg/no_person__no_bike_145.png
INRIAPerson/Train/neg/no_person__no_bike_147.png
INRIAPerson/Train/neg/no_person__no_bike_149.png
INRIAPerson/Train/neg/no_person__no_bike_150.png
INRIAPerson/Train/neg/no_person__no_bike_152.png
INRIAPerson/Train/neg/no_person__no_bike_153.png
INRIAPerson/Train/neg/no_person__no_bike_155.png
INRIAPerson/Train/neg/no_person__no_bike_156.png
INRIAPerson/Train/neg/no_person__no_bike_158.png
INRIAPerson/Train/neg/no_person__no_bike_159.png
INRIAPerson/Train/neg/no_person__no_bike_161.png
INRIAPerson/Train/neg/no_person__no_bike_162.png
INRIAPerson/Train/neg/no_person__no_bike_164.png
INRIAPerson/Train/neg/no_person__no_bike_165.png
INRIAPerson/Train/neg/no_person__no_bike_168.png
INRIAPerson/Train/neg/no_person__no_bike_169.png
INRIAPerson/Train/neg/no_person__no_bike_171.png
INRIAPerson/Train/neg/no_person__no_bike_172.png
INRIAPerson/Train/neg/no_person__no_bike_174.png
INRIAPerson/Train/neg/no_person__no_bike_175.png
INRIAPerson/Train/neg/no_person__no_bike_177.png
INRIAPerson/Train/neg/no_person__no_bike_178.png
INRIAPerson/Train/neg/no_person__no_bike_180.png
INRIAPerson/Train/neg/no_person__no_bike_181.png
INRIAPerson/Train/neg/no_person__no_bike_183.png
INRIAPerson/Train/neg/no_person__no_bike_184.png
INRIAPerson/Train/neg/no_person__no_bike_186.png
INRIAPerson/Train/neg/no_person__no_bike_187.png
INRIAPerson/Train/neg/no_person__no_bike_189.png
INRIAPerson/Train/neg/no_person__no_bike_190.png
INRIAPerson/Train/neg/no_person__no_bike_192.png
INRIAPerson/Train/neg/no_person__no_bike_193.png
INRIAPerson/Train/neg/no_person__no_bike_195.png
INRIAPerson/Train/neg/no_person__no_bike_196.png
INRIAPerson/Train/neg/no_person__no_bike_198.png
INRIAPerson/Train/neg/no_person__no_bike_199.png
INRIAPerson/Train/neg/no_person__no_bike_201.png
INRIAPerson/Train/neg/no_person__no_bike_202.png
INRIAPerson/Train/neg/no_person__no_bike_204.png
INRIAPerson/Train/neg/no_person__no_bike_205.png
INRIAPerson/Train/neg/no_person__no_bike_207.png
INRIAPerson/Train/neg/no_person__no_bike_208.png
INRIAPerson/Train/neg/no_person__no_bike_210.png
INRIAPerson/Train/neg/no_person__no_bike_211.png
INRIAPerson/Train/neg/no_person__no_bike_213.png
INRIAPerson/Train/neg/no_person__no_bike_214.png
INRIAPerson/Train/neg/no_person__no_bike_216.png
INRIAPerson/Train/neg/no_person__no_bike_217.png
INRIAPerson/Train/neg/no_person__no_bike_219.png
INRIAPerson/Train/neg/no_person__no_bike_220.png
INRIAPerson/Train/neg/no_person__no_bike_222.png
INRIAPerson/Train/neg/no_person__no_bike_223.png
INRIAPerson/Train/neg/no_person__no_bike_225.png
INRIAPerson/Train/neg/no_person__no_bike_226.png
INRIAPerson/Train/neg/no_person__no_bike_228.png
INRIAPerson/Train/neg/no_person__no_bike_229.png
INRIAPerson/Train/neg/no_person__no_bike_231.png
INRIAPerson/Train/neg/no_person__no_bike_232.png
INRIAPerson/Train/neg/no_person__no_bike_234.png
INRIAPerson/Train/neg/no_person__no_bike_235.png
INRIAPerson/Train/neg/no_person__no_bike_237.png
INRIAPerson/Train/neg/no_person__no_bike_238.png
INRIAPerson/Train/neg/no_person__no_bike_240.png
INRIAPerson/Train/neg/no_person__no_bike_241.png
INRIAPerson/Train/neg/no_person__no_bike_243.png
INRIAPerson/Train/neg/no_person__no_bike_244.png
INRIAPerson/Train/neg/no_person__no_bike_246.png
INRIAPerson/Train/neg/no_person__no_bike_247.png
INRIAPerson/Train/neg/no_person__no_bike_249.png
INRIAPerson/Train/neg/no_person__no_bike_250.png
INRIAPerson/Train/neg/no_person__no_bike_252.png
INRIAPerson/Train/neg/no_person__no_bike_253.png
INRIAPerson/Train/neg/no_person__no_bike_255.png
INRIAPerson/Train/neg/no_person__no_bike_256.png
INRIAPerson/Train/neg/no_person__no_bike_258.png
INRIAPerson/Train/neg/no_person__no_bike_259.png
INRIAPerson/Train/neg/no_person__no_bike_261.png
INRIAPerson/Train/neg/no_person__no_bike_262.png
INRIAPerson/Train/neg/no_person__no_bike_264.png
INRIAPerson/Train/neg/no_person__no_bike_265.png
INRIAPerson/Train/neg/no_person__no_bike_267.png
INRIAPerson/Train/neg/no_person__no_bike_269.png
INRIAPerson/Train/neg/no_person__no_bike_271.png
INRIAPerson/Train/neg/no_person__no_bike_272.png
